<?xml version="1.0" encoding="UTF-8"?>
<testng-results skipped="3" failed="1" ignored="8" total="16" passed="4">
  <reporter-output>
  </reporter-output>
  <suite name="Tradeo Copy Trader Panel Tests" duration-ms="123851" started-at="2016-12-14T21:34:16Z" finished-at="2016-12-14T21:36:20Z">
    <groups>
    </groups>
    <test name="Functional" duration-ms="123851" started-at="2016-12-14T21:34:16Z" finished-at="2016-12-14T21:36:20Z">
      <class name="com.apetkova.web.tests.AbstractTest">
        <test-method status="PASS" signature="startDriver()[pri:0, instance:com.apetkova.web.tests.AbstractTest@7062b849]" name="startDriver" is-config="true" duration-ms="1123" started-at="2016-12-14T23:34:14Z" finished-at="2016-12-14T23:34:15Z">
          <reporter-output>
          </reporter-output>
        </test-method> <!-- startDriver -->
        <test-method status="PASS" signature="startDriver()[pri:0, instance:com.apetkova.web.tests.Login@6130fa43]" name="startDriver" is-config="true" duration-ms="632" started-at="2016-12-14T23:34:15Z" finished-at="2016-12-14T23:34:16Z">
          <reporter-output>
          </reporter-output>
        </test-method> <!-- startDriver -->
        <test-method status="PASS" signature="closeBrowser()[pri:0, instance:com.apetkova.web.tests.AbstractTest@7062b849]" name="closeBrowser" is-config="true" duration-ms="95" started-at="2016-12-14T23:36:20Z" finished-at="2016-12-14T23:36:20Z">
          <reporter-output>
          </reporter-output>
        </test-method> <!-- closeBrowser -->
        <test-method status="FAIL" signature="closeBrowser()[pri:0, instance:com.apetkova.web.tests.Login@6130fa43]" name="closeBrowser" is-config="true" duration-ms="0" started-at="2016-12-14T23:36:20Z" finished-at="2016-12-14T23:36:20Z">
          <exception class="java.lang.IllegalStateException">
            <message>
              <![CDATA[Driver not initialized yet]]>
            </message>
            <full-stacktrace>
              <![CDATA[java.lang.IllegalStateException: Driver not initialized yet
	at com.apetkova.webdriver.Driver.getDriver(Driver.java:72)
	at com.apetkova.webdriver.Driver.stopDriver(Driver.java:55)
	at com.apetkova.web.tests.Login.closeBrowser(Login.java:38)
	at sun.reflect.NativeMethodAccessorImpl.invoke0(Native Method)
	at sun.reflect.NativeMethodAccessorImpl.invoke(NativeMethodAccessorImpl.java:57)
	at sun.reflect.DelegatingMethodAccessorImpl.invoke(DelegatingMethodAccessorImpl.java:43)
	at java.lang.reflect.Method.invoke(Method.java:606)
	at org.testng.internal.MethodInvocationHelper.invokeMethod(MethodInvocationHelper.java:104)
	at org.testng.internal.Invoker.invokeConfigurationMethod(Invoker.java:515)
	at org.testng.internal.Invoker.invokeConfigurations(Invoker.java:217)
	at org.testng.internal.Invoker.invokeConfigurations(Invoker.java:144)
	at org.testng.SuiteRunner.privateRun(SuiteRunner.java:357)
	at org.testng.SuiteRunner.run(SuiteRunner.java:289)
	at org.testng.SuiteRunnerWorker.runSuite(SuiteRunnerWorker.java:52)
	at org.testng.SuiteRunnerWorker.run(SuiteRunnerWorker.java:86)
	at org.testng.TestNG.runSuitesSequentially(TestNG.java:1293)
	at org.testng.TestNG.runSuitesLocally(TestNG.java:1218)
	at org.testng.TestNG.runSuites(TestNG.java:1133)
	at org.testng.TestNG.run(TestNG.java:1104)
	at org.testng.remote.AbstractRemoteTestNG.run(AbstractRemoteTestNG.java:126)
	at org.testng.remote.RemoteTestNG.initAndRun(RemoteTestNG.java:152)
	at org.testng.remote.RemoteTestNG.main(RemoteTestNG.java:57)
]]>
            </full-stacktrace>
          </exception> <!-- java.lang.IllegalStateException -->
          <reporter-output>
          </reporter-output>
        </test-method> <!-- closeBrowser -->
      </class> <!-- com.apetkova.web.tests.AbstractTest -->
      <class name="com.apetkova.web.tests.StopCopyingTests">
        <test-method status="FAIL" signature="login()[pri:0, instance:com.apetkova.web.tests.StopCopyingTests@9b6dce3]" name="login" is-config="true" duration-ms="0" started-at="2016-12-14T23:36:05Z" finished-at="2016-12-14T23:36:05Z">
          <exception class="org.openqa.selenium.NoSuchElementException">
            <message>
              <![CDATA[no such element: Unable to locate element: {"method":"id","selector":"user_login"}
  (Session info: chrome=54.0.2840.98)
  (Driver info: chromedriver=2.25.426935 (820a95b0b81d33e42712f9198c215f703412e1a1),platform=Mac OS X 10.11.1 x86_64) (WARNING: The server did not provide any stacktrace information)
Command duration or timeout: 2.05 seconds
For documentation on this error, please visit: http://seleniumhq.org/exceptions/no_such_element.html
Build info: version: '2.53.0', revision: '35ae25b1534ae328c771e0856c93e187490ca824', time: '2016-03-15 10:43:46'
System info: host: 'N/A', ip: 'N/A', os.name: 'Mac OS X', os.arch: 'x86_64', os.version: '10.11.1', java.version: '1.7.0_79'
*** Element info: {Using=id, value=user_login}
Session ID: 59cc66a8929f9731279425a8a9412285
Driver info: org.openqa.selenium.chrome.ChromeDriver
Capabilities [{platform=MAC, acceptSslCerts=true, javascriptEnabled=true, browserName=chrome, chrome={userDataDir=/var/folders/x9/pmdl9s7554gbm6f3_gtff1rw0000gn/T/.org.chromium.Chromium.DGf0Oq, chromedriverVersion=2.25.426935 (820a95b0b81d33e42712f9198c215f703412e1a1)}, networkConnectionEnabled=false, rotatable=false, locationContextEnabled=true, mobileEmulationEnabled=false, version=54.0.2840.98, pageLoadStrategy=normal, takesHeapSnapshot=true, cssSelectorsEnabled=true, databaseEnabled=false, handlesAlerts=true, browserConnectionEnabled=false, webStorageEnabled=true, nativeEvents=true, hasTouchScreen=false, applicationCacheEnabled=false, takesScreenshot=true}]]]>
            </message>
            <full-stacktrace>
              <![CDATA[org.openqa.selenium.NoSuchElementException: no such element: Unable to locate element: {"method":"id","selector":"user_login"}
  (Session info: chrome=54.0.2840.98)
  (Driver info: chromedriver=2.25.426935 (820a95b0b81d33e42712f9198c215f703412e1a1),platform=Mac OS X 10.11.1 x86_64) (WARNING: The server did not provide any stacktrace information)
Command duration or timeout: 2.05 seconds
For documentation on this error, please visit: http://seleniumhq.org/exceptions/no_such_element.html
Build info: version: '2.53.0', revision: '35ae25b1534ae328c771e0856c93e187490ca824', time: '2016-03-15 10:43:46'
System info: host: 'N/A', ip: 'N/A', os.name: 'Mac OS X', os.arch: 'x86_64', os.version: '10.11.1', java.version: '1.7.0_79'
*** Element info: {Using=id, value=user_login}
Session ID: 59cc66a8929f9731279425a8a9412285
Driver info: org.openqa.selenium.chrome.ChromeDriver
Capabilities [{platform=MAC, acceptSslCerts=true, javascriptEnabled=true, browserName=chrome, chrome={userDataDir=/var/folders/x9/pmdl9s7554gbm6f3_gtff1rw0000gn/T/.org.chromium.Chromium.DGf0Oq, chromedriverVersion=2.25.426935 (820a95b0b81d33e42712f9198c215f703412e1a1)}, networkConnectionEnabled=false, rotatable=false, locationContextEnabled=true, mobileEmulationEnabled=false, version=54.0.2840.98, pageLoadStrategy=normal, takesHeapSnapshot=true, cssSelectorsEnabled=true, databaseEnabled=false, handlesAlerts=true, browserConnectionEnabled=false, webStorageEnabled=true, nativeEvents=true, hasTouchScreen=false, applicationCacheEnabled=false, takesScreenshot=true}]
	at sun.reflect.GeneratedConstructorAccessor18.newInstance(Unknown Source)
	at sun.reflect.DelegatingConstructorAccessorImpl.newInstance(DelegatingConstructorAccessorImpl.java:45)
	at java.lang.reflect.Constructor.newInstance(Constructor.java:526)
	at org.openqa.selenium.remote.ErrorHandler.createThrowable(ErrorHandler.java:206)
	at org.openqa.selenium.remote.ErrorHandler.throwIfResponseFailed(ErrorHandler.java:158)
	at org.openqa.selenium.remote.RemoteWebDriver.execute(RemoteWebDriver.java:678)
	at org.openqa.selenium.remote.RemoteWebDriver.findElement(RemoteWebDriver.java:363)
	at org.openqa.selenium.remote.RemoteWebDriver.findElementById(RemoteWebDriver.java:413)
	at org.openqa.selenium.By$ById.findElement(By.java:218)
	at org.openqa.selenium.remote.RemoteWebDriver.findElement(RemoteWebDriver.java:355)
	at org.openqa.selenium.support.pagefactory.DefaultElementLocator.findElement(DefaultElementLocator.java:69)
	at org.openqa.selenium.support.pagefactory.internal.LocatingElementHandler.invoke(LocatingElementHandler.java:38)
	at com.sun.proxy.$Proxy11.isDisplayed(Unknown Source)
	at com.apetkova.web.pages.LoginPage.login(LoginPage.java:24)
	at com.apetkova.web.tests.AbstractTest.login(AbstractTest.java:38)
	at sun.reflect.NativeMethodAccessorImpl.invoke0(Native Method)
	at sun.reflect.NativeMethodAccessorImpl.invoke(NativeMethodAccessorImpl.java:57)
	at sun.reflect.DelegatingMethodAccessorImpl.invoke(DelegatingMethodAccessorImpl.java:43)
	at java.lang.reflect.Method.invoke(Method.java:606)
	at org.testng.internal.MethodInvocationHelper.invokeMethod(MethodInvocationHelper.java:104)
	at org.testng.internal.Invoker.invokeConfigurationMethod(Invoker.java:515)
	at org.testng.internal.Invoker.invokeConfigurations(Invoker.java:217)
	at org.testng.internal.Invoker.invokeConfigurations(Invoker.java:144)
	at org.testng.internal.TestMethodWorker.invokeBeforeClassMethods(TestMethodWorker.java:169)
	at org.testng.internal.TestMethodWorker.run(TestMethodWorker.java:108)
	at org.testng.TestRunner.privateRun(TestRunner.java:756)
	at org.testng.TestRunner.run(TestRunner.java:610)
	at org.testng.SuiteRunner.runTest(SuiteRunner.java:387)
	at org.testng.SuiteRunner.runSequentially(SuiteRunner.java:382)
	at org.testng.SuiteRunner.privateRun(SuiteRunner.java:340)
	at org.testng.SuiteRunner.run(SuiteRunner.java:289)
	at org.testng.SuiteRunnerWorker.runSuite(SuiteRunnerWorker.java:52)
	at org.testng.SuiteRunnerWorker.run(SuiteRunnerWorker.java:86)
	at org.testng.TestNG.runSuitesSequentially(TestNG.java:1293)
	at org.testng.TestNG.runSuitesLocally(TestNG.java:1218)
	at org.testng.TestNG.runSuites(TestNG.java:1133)
	at org.testng.TestNG.run(TestNG.java:1104)
	at org.testng.remote.AbstractRemoteTestNG.run(AbstractRemoteTestNG.java:126)
	at org.testng.remote.RemoteTestNG.initAndRun(RemoteTestNG.java:152)
	at org.testng.remote.RemoteTestNG.main(RemoteTestNG.java:57)
]]>
            </full-stacktrace>
          </exception> <!-- org.openqa.selenium.NoSuchElementException -->
          <reporter-output>
          </reporter-output>
        </test-method> <!-- login -->
        <test-method status="SKIP" signature="copyAccount()[pri:0, instance:com.apetkova.web.tests.StopCopyingTests@9b6dce3]" name="copyAccount" is-config="true" duration-ms="0" started-at="2016-12-14T23:36:18Z" finished-at="2016-12-14T23:36:18Z">
          <reporter-output>
          </reporter-output>
        </test-method> <!-- copyAccount -->
        <test-method status="SKIP" signature="stopCopyingTest()[pri:0, instance:com.apetkova.web.tests.StopCopyingTests@9b6dce3]" name="stopCopyingTest" duration-ms="1" started-at="2016-12-14T23:36:18Z" finished-at="2016-12-14T23:36:18Z">
          <exception class="org.openqa.selenium.NoSuchElementException">
            <message>
              <![CDATA[no such element: Unable to locate element: {"method":"id","selector":"user_login"}
  (Session info: chrome=54.0.2840.98)
  (Driver info: chromedriver=2.25.426935 (820a95b0b81d33e42712f9198c215f703412e1a1),platform=Mac OS X 10.11.1 x86_64) (WARNING: The server did not provide any stacktrace information)
Command duration or timeout: 2.05 seconds
For documentation on this error, please visit: http://seleniumhq.org/exceptions/no_such_element.html
Build info: version: '2.53.0', revision: '35ae25b1534ae328c771e0856c93e187490ca824', time: '2016-03-15 10:43:46'
System info: host: 'N/A', ip: 'N/A', os.name: 'Mac OS X', os.arch: 'x86_64', os.version: '10.11.1', java.version: '1.7.0_79'
*** Element info: {Using=id, value=user_login}
Session ID: 59cc66a8929f9731279425a8a9412285
Driver info: org.openqa.selenium.chrome.ChromeDriver
Capabilities [{platform=MAC, acceptSslCerts=true, javascriptEnabled=true, browserName=chrome, chrome={userDataDir=/var/folders/x9/pmdl9s7554gbm6f3_gtff1rw0000gn/T/.org.chromium.Chromium.DGf0Oq, chromedriverVersion=2.25.426935 (820a95b0b81d33e42712f9198c215f703412e1a1)}, networkConnectionEnabled=false, rotatable=false, locationContextEnabled=true, mobileEmulationEnabled=false, version=54.0.2840.98, pageLoadStrategy=normal, takesHeapSnapshot=true, cssSelectorsEnabled=true, databaseEnabled=false, handlesAlerts=true, browserConnectionEnabled=false, webStorageEnabled=true, nativeEvents=true, hasTouchScreen=false, applicationCacheEnabled=false, takesScreenshot=true}]]]>
            </message>
            <full-stacktrace>
              <![CDATA[org.openqa.selenium.NoSuchElementException: no such element: Unable to locate element: {"method":"id","selector":"user_login"}
  (Session info: chrome=54.0.2840.98)
  (Driver info: chromedriver=2.25.426935 (820a95b0b81d33e42712f9198c215f703412e1a1),platform=Mac OS X 10.11.1 x86_64) (WARNING: The server did not provide any stacktrace information)
Command duration or timeout: 2.05 seconds
For documentation on this error, please visit: http://seleniumhq.org/exceptions/no_such_element.html
Build info: version: '2.53.0', revision: '35ae25b1534ae328c771e0856c93e187490ca824', time: '2016-03-15 10:43:46'
System info: host: 'N/A', ip: 'N/A', os.name: 'Mac OS X', os.arch: 'x86_64', os.version: '10.11.1', java.version: '1.7.0_79'
*** Element info: {Using=id, value=user_login}
Session ID: 59cc66a8929f9731279425a8a9412285
Driver info: org.openqa.selenium.chrome.ChromeDriver
Capabilities [{platform=MAC, acceptSslCerts=true, javascriptEnabled=true, browserName=chrome, chrome={userDataDir=/var/folders/x9/pmdl9s7554gbm6f3_gtff1rw0000gn/T/.org.chromium.Chromium.DGf0Oq, chromedriverVersion=2.25.426935 (820a95b0b81d33e42712f9198c215f703412e1a1)}, networkConnectionEnabled=false, rotatable=false, locationContextEnabled=true, mobileEmulationEnabled=false, version=54.0.2840.98, pageLoadStrategy=normal, takesHeapSnapshot=true, cssSelectorsEnabled=true, databaseEnabled=false, handlesAlerts=true, browserConnectionEnabled=false, webStorageEnabled=true, nativeEvents=true, hasTouchScreen=false, applicationCacheEnabled=false, takesScreenshot=true}]
	at sun.reflect.GeneratedConstructorAccessor18.newInstance(Unknown Source)
	at sun.reflect.DelegatingConstructorAccessorImpl.newInstance(DelegatingConstructorAccessorImpl.java:45)
	at java.lang.reflect.Constructor.newInstance(Constructor.java:526)
	at org.openqa.selenium.remote.ErrorHandler.createThrowable(ErrorHandler.java:206)
	at org.openqa.selenium.remote.ErrorHandler.throwIfResponseFailed(ErrorHandler.java:158)
	at org.openqa.selenium.remote.RemoteWebDriver.execute(RemoteWebDriver.java:678)
	at org.openqa.selenium.remote.RemoteWebDriver.findElement(RemoteWebDriver.java:363)
	at org.openqa.selenium.remote.RemoteWebDriver.findElementById(RemoteWebDriver.java:413)
	at org.openqa.selenium.By$ById.findElement(By.java:218)
	at org.openqa.selenium.remote.RemoteWebDriver.findElement(RemoteWebDriver.java:355)
	at org.openqa.selenium.support.pagefactory.DefaultElementLocator.findElement(DefaultElementLocator.java:69)
	at org.openqa.selenium.support.pagefactory.internal.LocatingElementHandler.invoke(LocatingElementHandler.java:38)
	at com.sun.proxy.$Proxy11.isDisplayed(Unknown Source)
	at com.apetkova.web.pages.LoginPage.login(LoginPage.java:24)
	at com.apetkova.web.tests.AbstractTest.login(AbstractTest.java:38)
	at sun.reflect.NativeMethodAccessorImpl.invoke0(Native Method)
	at sun.reflect.NativeMethodAccessorImpl.invoke(NativeMethodAccessorImpl.java:57)
	at sun.reflect.DelegatingMethodAccessorImpl.invoke(DelegatingMethodAccessorImpl.java:43)
	at java.lang.reflect.Method.invoke(Method.java:606)
	at org.testng.internal.MethodInvocationHelper.invokeMethod(MethodInvocationHelper.java:104)
	at org.testng.internal.Invoker.invokeConfigurationMethod(Invoker.java:515)
	at org.testng.internal.Invoker.invokeConfigurations(Invoker.java:217)
	at org.testng.internal.Invoker.invokeConfigurations(Invoker.java:144)
	at org.testng.internal.TestMethodWorker.invokeBeforeClassMethods(TestMethodWorker.java:169)
	at org.testng.internal.TestMethodWorker.run(TestMethodWorker.java:108)
	at org.testng.TestRunner.privateRun(TestRunner.java:756)
	at org.testng.TestRunner.run(TestRunner.java:610)
	at org.testng.SuiteRunner.runTest(SuiteRunner.java:387)
	at org.testng.SuiteRunner.runSequentially(SuiteRunner.java:382)
	at org.testng.SuiteRunner.privateRun(SuiteRunner.java:340)
	at org.testng.SuiteRunner.run(SuiteRunner.java:289)
	at org.testng.SuiteRunnerWorker.runSuite(SuiteRunnerWorker.java:52)
	at org.testng.SuiteRunnerWorker.run(SuiteRunnerWorker.java:86)
	at org.testng.TestNG.runSuitesSequentially(TestNG.java:1293)
	at org.testng.TestNG.runSuitesLocally(TestNG.java:1218)
	at org.testng.TestNG.runSuites(TestNG.java:1133)
	at org.testng.TestNG.run(TestNG.java:1104)
	at org.testng.remote.AbstractRemoteTestNG.run(AbstractRemoteTestNG.java:126)
	at org.testng.remote.RemoteTestNG.initAndRun(RemoteTestNG.java:152)
	at org.testng.remote.RemoteTestNG.main(RemoteTestNG.java:57)
]]>
            </full-stacktrace>
          </exception> <!-- org.openqa.selenium.NoSuchElementException -->
          <reporter-output>
          </reporter-output>
        </test-method> <!-- stopCopyingTest -->
        <test-method status="PASS" signature="closePanel()[pri:0, instance:com.apetkova.web.tests.StopCopyingTests@9b6dce3]" name="closePanel" is-config="true" duration-ms="2038" started-at="2016-12-14T23:36:18Z" finished-at="2016-12-14T23:36:20Z">
          <reporter-output>
          </reporter-output>
        </test-method> <!-- closePanel -->
        <test-method status="SKIP" signature="logout()[pri:0, instance:com.apetkova.web.tests.StopCopyingTests@9b6dce3]" name="logout" is-config="true" duration-ms="0" started-at="2016-12-14T23:36:20Z" finished-at="2016-12-14T23:36:20Z">
          <reporter-output>
          </reporter-output>
        </test-method> <!-- logout -->
      </class> <!-- com.apetkova.web.tests.StopCopyingTests -->
      <class name="com.apetkova.web.tests.SameTypeTests">
        <test-method status="FAIL" signature="login()[pri:0, instance:com.apetkova.web.tests.SameTypeTests@19fe59c2]" name="login" is-config="true" duration-ms="0" started-at="2016-12-14T23:35:56Z" finished-at="2016-12-14T23:35:56Z">
          <exception class="org.openqa.selenium.NoSuchElementException">
            <message>
              <![CDATA[no such element: Unable to locate element: {"method":"id","selector":"user_login"}
  (Session info: chrome=54.0.2840.98)
  (Driver info: chromedriver=2.25.426935 (820a95b0b81d33e42712f9198c215f703412e1a1),platform=Mac OS X 10.11.1 x86_64) (WARNING: The server did not provide any stacktrace information)
Command duration or timeout: 2.02 seconds
For documentation on this error, please visit: http://seleniumhq.org/exceptions/no_such_element.html
Build info: version: '2.53.0', revision: '35ae25b1534ae328c771e0856c93e187490ca824', time: '2016-03-15 10:43:46'
System info: host: 'N/A', ip: 'N/A', os.name: 'Mac OS X', os.arch: 'x86_64', os.version: '10.11.1', java.version: '1.7.0_79'
*** Element info: {Using=id, value=user_login}
Session ID: 59cc66a8929f9731279425a8a9412285
Driver info: org.openqa.selenium.chrome.ChromeDriver
Capabilities [{platform=MAC, acceptSslCerts=true, javascriptEnabled=true, browserName=chrome, chrome={userDataDir=/var/folders/x9/pmdl9s7554gbm6f3_gtff1rw0000gn/T/.org.chromium.Chromium.DGf0Oq, chromedriverVersion=2.25.426935 (820a95b0b81d33e42712f9198c215f703412e1a1)}, networkConnectionEnabled=false, rotatable=false, locationContextEnabled=true, mobileEmulationEnabled=false, version=54.0.2840.98, pageLoadStrategy=normal, takesHeapSnapshot=true, cssSelectorsEnabled=true, databaseEnabled=false, handlesAlerts=true, browserConnectionEnabled=false, webStorageEnabled=true, nativeEvents=true, hasTouchScreen=false, applicationCacheEnabled=false, takesScreenshot=true}]]]>
            </message>
            <full-stacktrace>
              <![CDATA[org.openqa.selenium.NoSuchElementException: no such element: Unable to locate element: {"method":"id","selector":"user_login"}
  (Session info: chrome=54.0.2840.98)
  (Driver info: chromedriver=2.25.426935 (820a95b0b81d33e42712f9198c215f703412e1a1),platform=Mac OS X 10.11.1 x86_64) (WARNING: The server did not provide any stacktrace information)
Command duration or timeout: 2.02 seconds
For documentation on this error, please visit: http://seleniumhq.org/exceptions/no_such_element.html
Build info: version: '2.53.0', revision: '35ae25b1534ae328c771e0856c93e187490ca824', time: '2016-03-15 10:43:46'
System info: host: 'N/A', ip: 'N/A', os.name: 'Mac OS X', os.arch: 'x86_64', os.version: '10.11.1', java.version: '1.7.0_79'
*** Element info: {Using=id, value=user_login}
Session ID: 59cc66a8929f9731279425a8a9412285
Driver info: org.openqa.selenium.chrome.ChromeDriver
Capabilities [{platform=MAC, acceptSslCerts=true, javascriptEnabled=true, browserName=chrome, chrome={userDataDir=/var/folders/x9/pmdl9s7554gbm6f3_gtff1rw0000gn/T/.org.chromium.Chromium.DGf0Oq, chromedriverVersion=2.25.426935 (820a95b0b81d33e42712f9198c215f703412e1a1)}, networkConnectionEnabled=false, rotatable=false, locationContextEnabled=true, mobileEmulationEnabled=false, version=54.0.2840.98, pageLoadStrategy=normal, takesHeapSnapshot=true, cssSelectorsEnabled=true, databaseEnabled=false, handlesAlerts=true, browserConnectionEnabled=false, webStorageEnabled=true, nativeEvents=true, hasTouchScreen=false, applicationCacheEnabled=false, takesScreenshot=true}]
	at sun.reflect.GeneratedConstructorAccessor18.newInstance(Unknown Source)
	at sun.reflect.DelegatingConstructorAccessorImpl.newInstance(DelegatingConstructorAccessorImpl.java:45)
	at java.lang.reflect.Constructor.newInstance(Constructor.java:526)
	at org.openqa.selenium.remote.ErrorHandler.createThrowable(ErrorHandler.java:206)
	at org.openqa.selenium.remote.ErrorHandler.throwIfResponseFailed(ErrorHandler.java:158)
	at org.openqa.selenium.remote.RemoteWebDriver.execute(RemoteWebDriver.java:678)
	at org.openqa.selenium.remote.RemoteWebDriver.findElement(RemoteWebDriver.java:363)
	at org.openqa.selenium.remote.RemoteWebDriver.findElementById(RemoteWebDriver.java:413)
	at org.openqa.selenium.By$ById.findElement(By.java:218)
	at org.openqa.selenium.remote.RemoteWebDriver.findElement(RemoteWebDriver.java:355)
	at org.openqa.selenium.support.pagefactory.DefaultElementLocator.findElement(DefaultElementLocator.java:69)
	at org.openqa.selenium.support.pagefactory.internal.LocatingElementHandler.invoke(LocatingElementHandler.java:38)
	at com.sun.proxy.$Proxy11.isDisplayed(Unknown Source)
	at com.apetkova.web.pages.LoginPage.login(LoginPage.java:24)
	at com.apetkova.web.tests.AbstractTest.login(AbstractTest.java:38)
	at sun.reflect.NativeMethodAccessorImpl.invoke0(Native Method)
	at sun.reflect.NativeMethodAccessorImpl.invoke(NativeMethodAccessorImpl.java:57)
	at sun.reflect.DelegatingMethodAccessorImpl.invoke(DelegatingMethodAccessorImpl.java:43)
	at java.lang.reflect.Method.invoke(Method.java:606)
	at org.testng.internal.MethodInvocationHelper.invokeMethod(MethodInvocationHelper.java:104)
	at org.testng.internal.Invoker.invokeConfigurationMethod(Invoker.java:515)
	at org.testng.internal.Invoker.invokeConfigurations(Invoker.java:217)
	at org.testng.internal.Invoker.invokeConfigurations(Invoker.java:144)
	at org.testng.internal.TestMethodWorker.invokeBeforeClassMethods(TestMethodWorker.java:169)
	at org.testng.internal.TestMethodWorker.run(TestMethodWorker.java:108)
	at org.testng.TestRunner.privateRun(TestRunner.java:756)
	at org.testng.TestRunner.run(TestRunner.java:610)
	at org.testng.SuiteRunner.runTest(SuiteRunner.java:387)
	at org.testng.SuiteRunner.runSequentially(SuiteRunner.java:382)
	at org.testng.SuiteRunner.privateRun(SuiteRunner.java:340)
	at org.testng.SuiteRunner.run(SuiteRunner.java:289)
	at org.testng.SuiteRunnerWorker.runSuite(SuiteRunnerWorker.java:52)
	at org.testng.SuiteRunnerWorker.run(SuiteRunnerWorker.java:86)
	at org.testng.TestNG.runSuitesSequentially(TestNG.java:1293)
	at org.testng.TestNG.runSuitesLocally(TestNG.java:1218)
	at org.testng.TestNG.runSuites(TestNG.java:1133)
	at org.testng.TestNG.run(TestNG.java:1104)
	at org.testng.remote.AbstractRemoteTestNG.run(AbstractRemoteTestNG.java:126)
	at org.testng.remote.RemoteTestNG.initAndRun(RemoteTestNG.java:152)
	at org.testng.remote.RemoteTestNG.main(RemoteTestNG.java:57)
]]>
            </full-stacktrace>
          </exception> <!-- org.openqa.selenium.NoSuchElementException -->
          <reporter-output>
          </reporter-output>
        </test-method> <!-- login -->
        <test-method status="SKIP" signature="navigateToCopyPanel()[pri:0, instance:com.apetkova.web.tests.SameTypeTests@19fe59c2]" name="navigateToCopyPanel" is-config="true" duration-ms="0" started-at="2016-12-14T23:36:00Z" finished-at="2016-12-14T23:36:00Z">
          <reporter-output>
          </reporter-output>
        </test-method> <!-- navigateToCopyPanel -->
        <test-method status="SKIP" signature="copyDynamicTest()[pri:0, instance:com.apetkova.web.tests.SameTypeTests@19fe59c2]" name="copyDynamicTest" duration-ms="2" started-at="2016-12-14T23:36:00Z" finished-at="2016-12-14T23:36:00Z">
          <exception class="org.openqa.selenium.NoSuchElementException">
            <message>
              <![CDATA[no such element: Unable to locate element: {"method":"id","selector":"user_login"}
  (Session info: chrome=54.0.2840.98)
  (Driver info: chromedriver=2.25.426935 (820a95b0b81d33e42712f9198c215f703412e1a1),platform=Mac OS X 10.11.1 x86_64) (WARNING: The server did not provide any stacktrace information)
Command duration or timeout: 2.02 seconds
For documentation on this error, please visit: http://seleniumhq.org/exceptions/no_such_element.html
Build info: version: '2.53.0', revision: '35ae25b1534ae328c771e0856c93e187490ca824', time: '2016-03-15 10:43:46'
System info: host: 'N/A', ip: 'N/A', os.name: 'Mac OS X', os.arch: 'x86_64', os.version: '10.11.1', java.version: '1.7.0_79'
*** Element info: {Using=id, value=user_login}
Session ID: 59cc66a8929f9731279425a8a9412285
Driver info: org.openqa.selenium.chrome.ChromeDriver
Capabilities [{platform=MAC, acceptSslCerts=true, javascriptEnabled=true, browserName=chrome, chrome={userDataDir=/var/folders/x9/pmdl9s7554gbm6f3_gtff1rw0000gn/T/.org.chromium.Chromium.DGf0Oq, chromedriverVersion=2.25.426935 (820a95b0b81d33e42712f9198c215f703412e1a1)}, networkConnectionEnabled=false, rotatable=false, locationContextEnabled=true, mobileEmulationEnabled=false, version=54.0.2840.98, pageLoadStrategy=normal, takesHeapSnapshot=true, cssSelectorsEnabled=true, databaseEnabled=false, handlesAlerts=true, browserConnectionEnabled=false, webStorageEnabled=true, nativeEvents=true, hasTouchScreen=false, applicationCacheEnabled=false, takesScreenshot=true}]]]>
            </message>
            <full-stacktrace>
              <![CDATA[org.openqa.selenium.NoSuchElementException: no such element: Unable to locate element: {"method":"id","selector":"user_login"}
  (Session info: chrome=54.0.2840.98)
  (Driver info: chromedriver=2.25.426935 (820a95b0b81d33e42712f9198c215f703412e1a1),platform=Mac OS X 10.11.1 x86_64) (WARNING: The server did not provide any stacktrace information)
Command duration or timeout: 2.02 seconds
For documentation on this error, please visit: http://seleniumhq.org/exceptions/no_such_element.html
Build info: version: '2.53.0', revision: '35ae25b1534ae328c771e0856c93e187490ca824', time: '2016-03-15 10:43:46'
System info: host: 'N/A', ip: 'N/A', os.name: 'Mac OS X', os.arch: 'x86_64', os.version: '10.11.1', java.version: '1.7.0_79'
*** Element info: {Using=id, value=user_login}
Session ID: 59cc66a8929f9731279425a8a9412285
Driver info: org.openqa.selenium.chrome.ChromeDriver
Capabilities [{platform=MAC, acceptSslCerts=true, javascriptEnabled=true, browserName=chrome, chrome={userDataDir=/var/folders/x9/pmdl9s7554gbm6f3_gtff1rw0000gn/T/.org.chromium.Chromium.DGf0Oq, chromedriverVersion=2.25.426935 (820a95b0b81d33e42712f9198c215f703412e1a1)}, networkConnectionEnabled=false, rotatable=false, locationContextEnabled=true, mobileEmulationEnabled=false, version=54.0.2840.98, pageLoadStrategy=normal, takesHeapSnapshot=true, cssSelectorsEnabled=true, databaseEnabled=false, handlesAlerts=true, browserConnectionEnabled=false, webStorageEnabled=true, nativeEvents=true, hasTouchScreen=false, applicationCacheEnabled=false, takesScreenshot=true}]
	at sun.reflect.GeneratedConstructorAccessor18.newInstance(Unknown Source)
	at sun.reflect.DelegatingConstructorAccessorImpl.newInstance(DelegatingConstructorAccessorImpl.java:45)
	at java.lang.reflect.Constructor.newInstance(Constructor.java:526)
	at org.openqa.selenium.remote.ErrorHandler.createThrowable(ErrorHandler.java:206)
	at org.openqa.selenium.remote.ErrorHandler.throwIfResponseFailed(ErrorHandler.java:158)
	at org.openqa.selenium.remote.RemoteWebDriver.execute(RemoteWebDriver.java:678)
	at org.openqa.selenium.remote.RemoteWebDriver.findElement(RemoteWebDriver.java:363)
	at org.openqa.selenium.remote.RemoteWebDriver.findElementById(RemoteWebDriver.java:413)
	at org.openqa.selenium.By$ById.findElement(By.java:218)
	at org.openqa.selenium.remote.RemoteWebDriver.findElement(RemoteWebDriver.java:355)
	at org.openqa.selenium.support.pagefactory.DefaultElementLocator.findElement(DefaultElementLocator.java:69)
	at org.openqa.selenium.support.pagefactory.internal.LocatingElementHandler.invoke(LocatingElementHandler.java:38)
	at com.sun.proxy.$Proxy11.isDisplayed(Unknown Source)
	at com.apetkova.web.pages.LoginPage.login(LoginPage.java:24)
	at com.apetkova.web.tests.AbstractTest.login(AbstractTest.java:38)
	at sun.reflect.NativeMethodAccessorImpl.invoke0(Native Method)
	at sun.reflect.NativeMethodAccessorImpl.invoke(NativeMethodAccessorImpl.java:57)
	at sun.reflect.DelegatingMethodAccessorImpl.invoke(DelegatingMethodAccessorImpl.java:43)
	at java.lang.reflect.Method.invoke(Method.java:606)
	at org.testng.internal.MethodInvocationHelper.invokeMethod(MethodInvocationHelper.java:104)
	at org.testng.internal.Invoker.invokeConfigurationMethod(Invoker.java:515)
	at org.testng.internal.Invoker.invokeConfigurations(Invoker.java:217)
	at org.testng.internal.Invoker.invokeConfigurations(Invoker.java:144)
	at org.testng.internal.TestMethodWorker.invokeBeforeClassMethods(TestMethodWorker.java:169)
	at org.testng.internal.TestMethodWorker.run(TestMethodWorker.java:108)
	at org.testng.TestRunner.privateRun(TestRunner.java:756)
	at org.testng.TestRunner.run(TestRunner.java:610)
	at org.testng.SuiteRunner.runTest(SuiteRunner.java:387)
	at org.testng.SuiteRunner.runSequentially(SuiteRunner.java:382)
	at org.testng.SuiteRunner.privateRun(SuiteRunner.java:340)
	at org.testng.SuiteRunner.run(SuiteRunner.java:289)
	at org.testng.SuiteRunnerWorker.runSuite(SuiteRunnerWorker.java:52)
	at org.testng.SuiteRunnerWorker.run(SuiteRunnerWorker.java:86)
	at org.testng.TestNG.runSuitesSequentially(TestNG.java:1293)
	at org.testng.TestNG.runSuitesLocally(TestNG.java:1218)
	at org.testng.TestNG.runSuites(TestNG.java:1133)
	at org.testng.TestNG.run(TestNG.java:1104)
	at org.testng.remote.AbstractRemoteTestNG.run(AbstractRemoteTestNG.java:126)
	at org.testng.remote.RemoteTestNG.initAndRun(RemoteTestNG.java:152)
	at org.testng.remote.RemoteTestNG.main(RemoteTestNG.java:57)
]]>
            </full-stacktrace>
          </exception> <!-- org.openqa.selenium.NoSuchElementException -->
          <reporter-output>
          </reporter-output>
        </test-method> <!-- copyDynamicTest -->
        <test-method status="PASS" signature="closePanel()[pri:0, instance:com.apetkova.web.tests.SameTypeTests@19fe59c2]" name="closePanel" is-config="true" duration-ms="2025" started-at="2016-12-14T23:36:01Z" finished-at="2016-12-14T23:36:03Z">
          <reporter-output>
          </reporter-output>
        </test-method> <!-- closePanel -->
        <test-method status="SKIP" signature="navigateToCopyPanel()[pri:0, instance:com.apetkova.web.tests.SameTypeTests@19fe59c2]" name="navigateToCopyPanel" is-config="true" duration-ms="0" started-at="2016-12-14T23:36:03Z" finished-at="2016-12-14T23:36:03Z">
          <reporter-output>
          </reporter-output>
        </test-method> <!-- navigateToCopyPanel -->
        <test-method status="SKIP" signature="copyStandardTest()[pri:0, instance:com.apetkova.web.tests.SameTypeTests@19fe59c2]" name="copyStandardTest" duration-ms="1" started-at="2016-12-14T23:36:03Z" finished-at="2016-12-14T23:36:03Z">
          <exception class="org.openqa.selenium.NoSuchElementException">
            <message>
              <![CDATA[no such element: Unable to locate element: {"method":"id","selector":"user_login"}
  (Session info: chrome=54.0.2840.98)
  (Driver info: chromedriver=2.25.426935 (820a95b0b81d33e42712f9198c215f703412e1a1),platform=Mac OS X 10.11.1 x86_64) (WARNING: The server did not provide any stacktrace information)
Command duration or timeout: 2.02 seconds
For documentation on this error, please visit: http://seleniumhq.org/exceptions/no_such_element.html
Build info: version: '2.53.0', revision: '35ae25b1534ae328c771e0856c93e187490ca824', time: '2016-03-15 10:43:46'
System info: host: 'N/A', ip: 'N/A', os.name: 'Mac OS X', os.arch: 'x86_64', os.version: '10.11.1', java.version: '1.7.0_79'
*** Element info: {Using=id, value=user_login}
Session ID: 59cc66a8929f9731279425a8a9412285
Driver info: org.openqa.selenium.chrome.ChromeDriver
Capabilities [{platform=MAC, acceptSslCerts=true, javascriptEnabled=true, browserName=chrome, chrome={userDataDir=/var/folders/x9/pmdl9s7554gbm6f3_gtff1rw0000gn/T/.org.chromium.Chromium.DGf0Oq, chromedriverVersion=2.25.426935 (820a95b0b81d33e42712f9198c215f703412e1a1)}, networkConnectionEnabled=false, rotatable=false, locationContextEnabled=true, mobileEmulationEnabled=false, version=54.0.2840.98, pageLoadStrategy=normal, takesHeapSnapshot=true, cssSelectorsEnabled=true, databaseEnabled=false, handlesAlerts=true, browserConnectionEnabled=false, webStorageEnabled=true, nativeEvents=true, hasTouchScreen=false, applicationCacheEnabled=false, takesScreenshot=true}]]]>
            </message>
            <full-stacktrace>
              <![CDATA[org.openqa.selenium.NoSuchElementException: no such element: Unable to locate element: {"method":"id","selector":"user_login"}
  (Session info: chrome=54.0.2840.98)
  (Driver info: chromedriver=2.25.426935 (820a95b0b81d33e42712f9198c215f703412e1a1),platform=Mac OS X 10.11.1 x86_64) (WARNING: The server did not provide any stacktrace information)
Command duration or timeout: 2.02 seconds
For documentation on this error, please visit: http://seleniumhq.org/exceptions/no_such_element.html
Build info: version: '2.53.0', revision: '35ae25b1534ae328c771e0856c93e187490ca824', time: '2016-03-15 10:43:46'
System info: host: 'N/A', ip: 'N/A', os.name: 'Mac OS X', os.arch: 'x86_64', os.version: '10.11.1', java.version: '1.7.0_79'
*** Element info: {Using=id, value=user_login}
Session ID: 59cc66a8929f9731279425a8a9412285
Driver info: org.openqa.selenium.chrome.ChromeDriver
Capabilities [{platform=MAC, acceptSslCerts=true, javascriptEnabled=true, browserName=chrome, chrome={userDataDir=/var/folders/x9/pmdl9s7554gbm6f3_gtff1rw0000gn/T/.org.chromium.Chromium.DGf0Oq, chromedriverVersion=2.25.426935 (820a95b0b81d33e42712f9198c215f703412e1a1)}, networkConnectionEnabled=false, rotatable=false, locationContextEnabled=true, mobileEmulationEnabled=false, version=54.0.2840.98, pageLoadStrategy=normal, takesHeapSnapshot=true, cssSelectorsEnabled=true, databaseEnabled=false, handlesAlerts=true, browserConnectionEnabled=false, webStorageEnabled=true, nativeEvents=true, hasTouchScreen=false, applicationCacheEnabled=false, takesScreenshot=true}]
	at sun.reflect.GeneratedConstructorAccessor18.newInstance(Unknown Source)
	at sun.reflect.DelegatingConstructorAccessorImpl.newInstance(DelegatingConstructorAccessorImpl.java:45)
	at java.lang.reflect.Constructor.newInstance(Constructor.java:526)
	at org.openqa.selenium.remote.ErrorHandler.createThrowable(ErrorHandler.java:206)
	at org.openqa.selenium.remote.ErrorHandler.throwIfResponseFailed(ErrorHandler.java:158)
	at org.openqa.selenium.remote.RemoteWebDriver.execute(RemoteWebDriver.java:678)
	at org.openqa.selenium.remote.RemoteWebDriver.findElement(RemoteWebDriver.java:363)
	at org.openqa.selenium.remote.RemoteWebDriver.findElementById(RemoteWebDriver.java:413)
	at org.openqa.selenium.By$ById.findElement(By.java:218)
	at org.openqa.selenium.remote.RemoteWebDriver.findElement(RemoteWebDriver.java:355)
	at org.openqa.selenium.support.pagefactory.DefaultElementLocator.findElement(DefaultElementLocator.java:69)
	at org.openqa.selenium.support.pagefactory.internal.LocatingElementHandler.invoke(LocatingElementHandler.java:38)
	at com.sun.proxy.$Proxy11.isDisplayed(Unknown Source)
	at com.apetkova.web.pages.LoginPage.login(LoginPage.java:24)
	at com.apetkova.web.tests.AbstractTest.login(AbstractTest.java:38)
	at sun.reflect.NativeMethodAccessorImpl.invoke0(Native Method)
	at sun.reflect.NativeMethodAccessorImpl.invoke(NativeMethodAccessorImpl.java:57)
	at sun.reflect.DelegatingMethodAccessorImpl.invoke(DelegatingMethodAccessorImpl.java:43)
	at java.lang.reflect.Method.invoke(Method.java:606)
	at org.testng.internal.MethodInvocationHelper.invokeMethod(MethodInvocationHelper.java:104)
	at org.testng.internal.Invoker.invokeConfigurationMethod(Invoker.java:515)
	at org.testng.internal.Invoker.invokeConfigurations(Invoker.java:217)
	at org.testng.internal.Invoker.invokeConfigurations(Invoker.java:144)
	at org.testng.internal.TestMethodWorker.invokeBeforeClassMethods(TestMethodWorker.java:169)
	at org.testng.internal.TestMethodWorker.run(TestMethodWorker.java:108)
	at org.testng.TestRunner.privateRun(TestRunner.java:756)
	at org.testng.TestRunner.run(TestRunner.java:610)
	at org.testng.SuiteRunner.runTest(SuiteRunner.java:387)
	at org.testng.SuiteRunner.runSequentially(SuiteRunner.java:382)
	at org.testng.SuiteRunner.privateRun(SuiteRunner.java:340)
	at org.testng.SuiteRunner.run(SuiteRunner.java:289)
	at org.testng.SuiteRunnerWorker.runSuite(SuiteRunnerWorker.java:52)
	at org.testng.SuiteRunnerWorker.run(SuiteRunnerWorker.java:86)
	at org.testng.TestNG.runSuitesSequentially(TestNG.java:1293)
	at org.testng.TestNG.runSuitesLocally(TestNG.java:1218)
	at org.testng.TestNG.runSuites(TestNG.java:1133)
	at org.testng.TestNG.run(TestNG.java:1104)
	at org.testng.remote.AbstractRemoteTestNG.run(AbstractRemoteTestNG.java:126)
	at org.testng.remote.RemoteTestNG.initAndRun(RemoteTestNG.java:152)
	at org.testng.remote.RemoteTestNG.main(RemoteTestNG.java:57)
]]>
            </full-stacktrace>
          </exception> <!-- org.openqa.selenium.NoSuchElementException -->
          <reporter-output>
          </reporter-output>
        </test-method> <!-- copyStandardTest -->
        <test-method status="PASS" signature="closePanel()[pri:0, instance:com.apetkova.web.tests.SameTypeTests@19fe59c2]" name="closePanel" is-config="true" duration-ms="2027" started-at="2016-12-14T23:36:03Z" finished-at="2016-12-14T23:36:05Z">
          <reporter-output>
          </reporter-output>
        </test-method> <!-- closePanel -->
        <test-method status="SKIP" signature="logout()[pri:0, instance:com.apetkova.web.tests.SameTypeTests@19fe59c2]" name="logout" is-config="true" duration-ms="0" started-at="2016-12-14T23:36:05Z" finished-at="2016-12-14T23:36:05Z">
          <reporter-output>
          </reporter-output>
        </test-method> <!-- logout -->
      </class> <!-- com.apetkova.web.tests.SameTypeTests -->
      <class name="com.apetkova.web.tests.CrossTypeTests">
        <test-method status="PASS" signature="login()[pri:0, instance:com.apetkova.web.tests.CrossTypeTests@89990ff]" name="login" is-config="true" duration-ms="4768" started-at="2016-12-14T23:35:11Z" finished-at="2016-12-14T23:35:16Z">
          <reporter-output>
          </reporter-output>
        </test-method> <!-- login -->
        <test-method status="FAIL" signature="demoCopyRealTest()[pri:0, instance:com.apetkova.web.tests.CrossTypeTests@89990ff]" name="demoCopyRealTest" duration-ms="2" started-at="2016-12-14T23:35:16Z" finished-at="2016-12-14T23:35:16Z">
          <exception class="java.lang.NullPointerException">
            <full-stacktrace>
              <![CDATA[java.lang.NullPointerException
	at com.apetkova.web.tests.CrossTypeTests.demoCopyRealTest(CrossTypeTests.java:16)
	at sun.reflect.NativeMethodAccessorImpl.invoke0(Native Method)
	at sun.reflect.NativeMethodAccessorImpl.invoke(NativeMethodAccessorImpl.java:57)
	at sun.reflect.DelegatingMethodAccessorImpl.invoke(DelegatingMethodAccessorImpl.java:43)
	at java.lang.reflect.Method.invoke(Method.java:606)
	at org.testng.internal.MethodInvocationHelper.invokeMethod(MethodInvocationHelper.java:104)
	at org.testng.internal.Invoker.invokeMethod(Invoker.java:645)
	at org.testng.internal.Invoker.invokeTestMethod(Invoker.java:851)
	at org.testng.internal.Invoker.invokeTestMethods(Invoker.java:1177)
	at org.testng.internal.TestMethodWorker.invokeTestMethods(TestMethodWorker.java:129)
	at org.testng.internal.TestMethodWorker.run(TestMethodWorker.java:112)
	at org.testng.TestRunner.privateRun(TestRunner.java:756)
	at org.testng.TestRunner.run(TestRunner.java:610)
	at org.testng.SuiteRunner.runTest(SuiteRunner.java:387)
	at org.testng.SuiteRunner.runSequentially(SuiteRunner.java:382)
	at org.testng.SuiteRunner.privateRun(SuiteRunner.java:340)
	at org.testng.SuiteRunner.run(SuiteRunner.java:289)
	at org.testng.SuiteRunnerWorker.runSuite(SuiteRunnerWorker.java:52)
	at org.testng.SuiteRunnerWorker.run(SuiteRunnerWorker.java:86)
	at org.testng.TestNG.runSuitesSequentially(TestNG.java:1293)
	at org.testng.TestNG.runSuitesLocally(TestNG.java:1218)
	at org.testng.TestNG.runSuites(TestNG.java:1133)
	at org.testng.TestNG.run(TestNG.java:1104)
	at org.testng.remote.AbstractRemoteTestNG.run(AbstractRemoteTestNG.java:126)
	at org.testng.remote.RemoteTestNG.initAndRun(RemoteTestNG.java:152)
	at org.testng.remote.RemoteTestNG.main(RemoteTestNG.java:57)
]]>
            </full-stacktrace>
          </exception> <!-- java.lang.NullPointerException -->
          <reporter-output>
          </reporter-output>
        </test-method> <!-- demoCopyRealTest -->
        <test-method status="PASS" signature="closePanel()[pri:0, instance:com.apetkova.web.tests.CrossTypeTests@89990ff]" name="closePanel" is-config="true" duration-ms="2030" started-at="2016-12-14T23:35:16Z" finished-at="2016-12-14T23:35:18Z">
          <reporter-output>
          </reporter-output>
        </test-method> <!-- closePanel -->
        <test-method status="PASS" signature="logout()[pri:0, instance:com.apetkova.web.tests.CrossTypeTests@89990ff]" name="logout" is-config="true" duration-ms="166" started-at="2016-12-14T23:35:18Z" finished-at="2016-12-14T23:35:18Z">
          <reporter-output>
          </reporter-output>
        </test-method> <!-- logout -->
      </class> <!-- com.apetkova.web.tests.CrossTypeTests -->
      <class name="com.apetkova.web.tests.BasicTests">
        <test-method status="PASS" signature="login()[pri:0, instance:com.apetkova.web.tests.BasicTests@567e768e]" name="login" is-config="true" duration-ms="8363" started-at="2016-12-14T23:34:16Z" finished-at="2016-12-14T23:34:24Z">
          <reporter-output>
          </reporter-output>
        </test-method> <!-- login -->
        <test-method status="PASS" signature="navigateToCopyPanel()[pri:0, instance:com.apetkova.web.tests.BasicTests@567e768e]" name="navigateToCopyPanel" is-config="true" duration-ms="14198" started-at="2016-12-14T23:34:24Z" finished-at="2016-12-14T23:34:39Z">
          <reporter-output>
          </reporter-output>
        </test-method> <!-- navigateToCopyPanel -->
        <test-method status="PASS" signature="closePanelTest()[pri:0, instance:com.apetkova.web.tests.BasicTests@567e768e]" name="closePanelTest" duration-ms="2076" started-at="2016-12-14T23:34:39Z" finished-at="2016-12-14T23:34:41Z">
          <reporter-output>
          </reporter-output>
        </test-method> <!-- closePanelTest -->
        <test-method status="PASS" signature="closePanel()[pri:0, instance:com.apetkova.web.tests.BasicTests@567e768e]" name="closePanel" is-config="true" duration-ms="2043" started-at="2016-12-14T23:34:41Z" finished-at="2016-12-14T23:34:43Z">
          <reporter-output>
          </reporter-output>
        </test-method> <!-- closePanel -->
        <test-method status="PASS" signature="navigateToCopyPanel()[pri:0, instance:com.apetkova.web.tests.BasicTests@567e768e]" name="navigateToCopyPanel" is-config="true" duration-ms="14100" started-at="2016-12-14T23:34:43Z" finished-at="2016-12-14T23:34:57Z">
          <reporter-output>
          </reporter-output>
        </test-method> <!-- navigateToCopyPanel -->
        <test-method status="PASS" signature="defaultStateTest()[pri:0, instance:com.apetkova.web.tests.BasicTests@567e768e]" name="defaultStateTest" duration-ms="136" started-at="2016-12-14T23:34:57Z" finished-at="2016-12-14T23:34:57Z">
          <reporter-output>
          </reporter-output>
        </test-method> <!-- defaultStateTest -->
        <test-method status="PASS" signature="closePanel()[pri:0, instance:com.apetkova.web.tests.BasicTests@567e768e]" name="closePanel" is-config="true" duration-ms="64" started-at="2016-12-14T23:34:57Z" finished-at="2016-12-14T23:34:57Z">
          <reporter-output>
          </reporter-output>
        </test-method> <!-- closePanel -->
        <test-method status="PASS" signature="navigateToCopyPanel()[pri:0, instance:com.apetkova.web.tests.BasicTests@567e768e]" name="navigateToCopyPanel" is-config="true" duration-ms="13782" started-at="2016-12-14T23:34:57Z" finished-at="2016-12-14T23:35:11Z">
          <reporter-output>
          </reporter-output>
        </test-method> <!-- navigateToCopyPanel -->
        <test-method status="PASS" signature="openHelpTest()[pri:0, instance:com.apetkova.web.tests.BasicTests@567e768e]" name="openHelpTest" duration-ms="66" started-at="2016-12-14T23:35:11Z" finished-at="2016-12-14T23:35:11Z">
          <reporter-output>
          </reporter-output>
        </test-method> <!-- openHelpTest -->
        <test-method status="PASS" signature="closePanel()[pri:0, instance:com.apetkova.web.tests.BasicTests@567e768e]" name="closePanel" is-config="true" duration-ms="126" started-at="2016-12-14T23:35:11Z" finished-at="2016-12-14T23:35:11Z">
          <reporter-output>
          </reporter-output>
        </test-method> <!-- closePanel -->
        <test-method status="PASS" signature="logout()[pri:0, instance:com.apetkova.web.tests.BasicTests@567e768e]" name="logout" is-config="true" duration-ms="39" started-at="2016-12-14T23:35:11Z" finished-at="2016-12-14T23:35:11Z">
          <reporter-output>
          </reporter-output>
        </test-method> <!-- logout -->
      </class> <!-- com.apetkova.web.tests.BasicTests -->
      <class name="com.apetkova.web.tests.Login">
        <test-method status="PASS" signature="loginTest()[pri:0, instance:com.apetkova.web.tests.Login@6130fa43]" name="loginTest" duration-ms="38355" started-at="2016-12-14T23:35:18Z" finished-at="2016-12-14T23:35:56Z">
          <reporter-output>
          </reporter-output>
        </test-method> <!-- loginTest -->
      </class> <!-- com.apetkova.web.tests.Login -->
    </test> <!-- Functional -->
  </suite> <!-- Tradeo Copy Trader Panel Tests -->
</testng-results>
