<?xml version="1.0" encoding="UTF-8"?>
<!-- Generated by org.testng.reporters.JUnitReportReporter -->
<testsuite skipped="0" ignored="8" name="com.apetkova.web.tests.Login" tests="2" failures="0" timestamp="14 Dec 2016 21:36:20 GMT" time="38.355" errors="1">
  <testcase name="loginTest" time="38.355" classname="com.apetkova.web.tests.Login"/>
  <testcase name="closeBrowser" time="0.000" classname="com.apetkova.web.tests.Login">
    <error type="java.lang.IllegalStateException" message="Driver not initialized yet">
      <![CDATA[java.lang.IllegalStateException: Driver not initialized yet
	at com.apetkova.webdriver.Driver.getDriver(Driver.java:72)
	at com.apetkova.webdriver.Driver.stopDriver(Driver.java:55)
	at com.apetkova.web.tests.Login.closeBrowser(Login.java:38)
	at sun.reflect.NativeMethodAccessorImpl.invoke0(Native Method)
	at sun.reflect.NativeMethodAccessorImpl.invoke(NativeMethodAccessorImpl.java:57)
	at sun.reflect.DelegatingMethodAccessorImpl.invoke(DelegatingMethodAccessorImpl.java:43)
	at java.lang.reflect.Method.invoke(Method.java:606)
	at org.testng.internal.MethodInvocationHelper.invokeMethod(MethodInvocationHelper.java:104)
	at org.testng.internal.Invoker.invokeConfigurationMethod(Invoker.java:515)
	at org.testng.internal.Invoker.invokeConfigurations(Invoker.java:217)
	at org.testng.internal.Invoker.invokeConfigurations(Invoker.java:144)
	at org.testng.SuiteRunner.privateRun(SuiteRunner.java:357)
	at org.testng.SuiteRunner.run(SuiteRunner.java:289)
	at org.testng.SuiteRunnerWorker.runSuite(SuiteRunnerWorker.java:52)
	at org.testng.SuiteRunnerWorker.run(SuiteRunnerWorker.java:86)
	at org.testng.TestNG.runSuitesSequentially(TestNG.java:1293)
	at org.testng.TestNG.runSuitesLocally(TestNG.java:1218)
	at org.testng.TestNG.runSuites(TestNG.java:1133)
	at org.testng.TestNG.run(TestNG.java:1104)
	at org.testng.remote.AbstractRemoteTestNG.run(AbstractRemoteTestNG.java:126)
	at org.testng.remote.RemoteTestNG.initAndRun(RemoteTestNG.java:152)
	at org.testng.remote.RemoteTestNG.main(RemoteTestNG.java:57)
]]>
    </error>
  </testcase> <!-- closeBrowser -->
  <testcase name="startDriver" classname="com.apetkova.web.tests.AbstractTest">
    <skipped/>
  </testcase> <!-- startDriver -->
  <testcase name="startDriver" classname="com.apetkova.web.tests.AbstractTest">
    <skipped/>
  </testcase> <!-- startDriver -->
  <testcase name="startDriver" classname="com.apetkova.web.tests.AbstractTest">
    <skipped/>
  </testcase> <!-- startDriver -->
  <testcase name="startDriver" classname="com.apetkova.web.tests.AbstractTest">
    <skipped/>
  </testcase> <!-- startDriver -->
  <testcase name="closeBrowser" classname="com.apetkova.web.tests.AbstractTest">
    <skipped/>
  </testcase> <!-- closeBrowser -->
  <testcase name="closeBrowser" classname="com.apetkova.web.tests.AbstractTest">
    <skipped/>
  </testcase> <!-- closeBrowser -->
  <testcase name="closeBrowser" classname="com.apetkova.web.tests.AbstractTest">
    <skipped/>
  </testcase> <!-- closeBrowser -->
  <testcase name="closeBrowser" classname="com.apetkova.web.tests.AbstractTest">
    <skipped/>
  </testcase> <!-- closeBrowser -->
</testsuite> <!-- com.apetkova.web.tests.Login -->
